<?xml version="1.0" encoding="UTF-8"?>
<!-- Generated by org.testng.reporters.JUnitXMLReporter -->
<testsuite ignored="0" hostname="ANUSRI" failures="0" tests="10" name="chromebrowser" time="209.499" errors="0" timestamp="2025-07-12T13:56:24 IST">
  <testcase classname="DetailsOfAmazon.Website.TestCase4_EditingProfile" name="EditingProfile" time="16.89"/>
  <testcase classname="DetailsOfAmazon.Website.TestCase7_ProductDetailsPage" name="ProductDetails" time="38.652">
    <skipped/>
  </testcase> <!-- ProductDetails -->
  <testcase classname="DetailsOfAmazon.Website.TestCase7_ProductDetailsPage" name="ProductDetails" time="14.411"/>
  <testcase classname="DetailsOfAmazon.Website.TestCase5_SearchForProduct" name="SearchDetails" time="10.859"/>
  <testcase classname="DetailsOfAmazon.Website.TestCase14_LastProductRating" name="Rating" time="26.801"/>
  <testcase classname="DetailsOfAmazon.Website.Testcase1_Registration" name="RegistrationPageDetails" time="9.458"/>
  <testcase classname="DetailsOfAmazon.Website.TestCase3_InvalidCredentials" name="InValidCredentials" time="7.398"/>
  <testcase classname="DetailsOfAmazon.Website.TestCase6_SearchingWithFilters" name="Filters" time="24.224"/>
  <testcase classname="DetailsOfAmazon.Website.Testcase2_ValidCredentials" name="ValidCredentials" time="11.199"/>
  <testcase classname="DetailsOfAmazon.Website.TestCase8_SoartingProducts" name="Sortingwithfilters" time="8.925"/>
</testsuite> <!-- chromebrowser -->
